This is pdfTeX, Version 3.14159265-2.6-1.40.16 (TeX Live 2015) (preloaded format=pdflatex 2016.2.28)  1 JUN 2016 11:32
entering extended mode
 restricted \write18 enabled.
 %&-line parsing enabled.
**report.tex
(./report.tex
LaTeX2e <2015/01/01>
Babel <3.9l> and hyphenation patterns for 21 languages loaded.
(/usr/local/texlive/2015basic/texmf-dist/tex/latex/base/article.cls
Document Class: article 2014/09/29 v1.4h Standard LaTeX document class
(/usr/local/texlive/2015basic/texmf-dist/tex/latex/base/size12.clo
File: size12.clo 2014/09/29 v1.4h Standard LaTeX file (size option)
)
\c@part=\count79
\c@section=\count80
\c@subsection=\count81
\c@subsubsection=\count82
\c@paragraph=\count83
\c@subparagraph=\count84
\c@figure=\count85
\c@table=\count86
\abovecaptionskip=\skip41
\belowcaptionskip=\skip42
\bibindent=\dimen102
)
(/usr/local/texlive/2015basic/texmf-dist/tex/latex/geometry/geometry.sty
Package: geometry 2010/09/12 v5.6 Page Geometry

(/usr/local/texlive/2015basic/texmf-dist/tex/latex/graphics/keyval.sty
Package: keyval 2014/10/28 v1.15 key=value parser (DPC)
\KV@toks@=\toks14
)
(/usr/local/texlive/2015basic/texmf-dist/tex/generic/oberdiek/ifpdf.sty
Package: ifpdf 2011/01/30 v2.3 Provides the ifpdf switch (HO)
Package ifpdf Info: pdfTeX in PDF mode is detected.
)
(/usr/local/texlive/2015basic/texmf-dist/tex/generic/oberdiek/ifvtex.sty
Package: ifvtex 2010/03/01 v1.5 Detect VTeX and its facilities (HO)
Package ifvtex Info: VTeX not detected.
)
(/usr/local/texlive/2015basic/texmf-dist/tex/generic/ifxetex/ifxetex.sty
Package: ifxetex 2010/09/12 v0.6 Provides ifxetex conditional
)
\Gm@cnth=\count87
\Gm@cntv=\count88
\c@Gm@tempcnt=\count89
\Gm@bindingoffset=\dimen103
\Gm@wd@mp=\dimen104
\Gm@odd@mp=\dimen105
\Gm@even@mp=\dimen106
\Gm@layoutwidth=\dimen107
\Gm@layoutheight=\dimen108
\Gm@layouthoffset=\dimen109
\Gm@layoutvoffset=\dimen110
\Gm@dimlist=\toks15
)
(/usr/local/texlive/2015basic/texmf-dist/tex/latex/base/doc.sty
Package: doc 2014/09/29 v2.1e Standard LaTeX documentation package (FMi)
\c@StandardModuleDepth=\count90
\guard@level=\count91
\MacrocodeTopsep=\skip43
\MacroIndent=\dimen111
\macro@cnt=\count92
\MacroTopsep=\skip44
\index@excludelist=\toks16

(/usr/local/texlive/2015basic/texmf-dist/tex/latex/tools/multicol.sty
Package: multicol 2015/08/19 v1.8n multicolumn formatting (FMi)
\c@tracingmulticols=\count93
\mult@box=\box26
\multicol@leftmargin=\dimen112
\c@unbalance=\count94
\c@collectmore=\count95
\doublecol@number=\count96
\multicoltolerance=\count97
\multicolpretolerance=\count98
\full@width=\dimen113
\page@free=\dimen114
\premulticols=\dimen115
\postmulticols=\dimen116
\multicolsep=\skip45
\multicolbaselineskip=\skip46
\partial@page=\box27
\last@line=\box28
\maxbalancingoverflow=\dimen117
\mult@rightbox=\box29
\mult@grightbox=\box30
\mult@gfirstbox=\box31
\mult@firstbox=\box32
\@tempa=\box33
\@tempa=\box34
\@tempa=\box35
\@tempa=\box36
\@tempa=\box37
\@tempa=\box38
\@tempa=\box39
\@tempa=\box40
\@tempa=\box41
\@tempa=\box42
\@tempa=\box43
\@tempa=\box44
\@tempa=\box45
\@tempa=\box46
\@tempa=\box47
\@tempa=\box48
\@tempa=\box49
\c@columnbadness=\count99
\c@finalcolumnbadness=\count100
\last@try=\dimen118
\multicolovershoot=\dimen119
\multicolundershoot=\dimen120
\mult@nat@firstbox=\box50
\colbreak@box=\box51
\mc@col@check@num=\count101
)
\IndexMin=\dimen121
\c@IndexColumns=\count102
\GlossaryMin=\dimen122
\c@GlossaryColumns=\count103
\check@sum=\count104
\bslash@cnt=\count105
\wrong@table=\toks17
\c@CodelineNo=\count106
)
(/usr/local/texlive/2015basic/texmf-dist/tex/latex/hyperref/hyperref.sty
Package: hyperref 2012/11/06 v6.83m Hypertext links for LaTeX

(/usr/local/texlive/2015basic/texmf-dist/tex/generic/oberdiek/hobsub-hyperref.s
ty
Package: hobsub-hyperref 2012/05/28 v1.13 Bundle oberdiek, subset hyperref (HO)


(/usr/local/texlive/2015basic/texmf-dist/tex/generic/oberdiek/hobsub-generic.st
y
Package: hobsub-generic 2012/05/28 v1.13 Bundle oberdiek, subset generic (HO)
Package: hobsub 2012/05/28 v1.13 Construct package bundles (HO)
Package: infwarerr 2010/04/08 v1.3 Providing info/warning/error messages (HO)
Package: ltxcmds 2011/11/09 v1.22 LaTeX kernel commands for general use (HO)
Package: ifluatex 2010/03/01 v1.3 Provides the ifluatex switch (HO)
Package ifluatex Info: LuaTeX not detected.
Package hobsub Info: Skipping package `ifvtex' (already loaded).
Package: intcalc 2007/09/27 v1.1 Expandable calculations with integers (HO)
Package hobsub Info: Skipping package `ifpdf' (already loaded).
Package: etexcmds 2011/02/16 v1.5 Avoid name clashes with e-TeX commands (HO)
Package etexcmds Info: Could not find \expanded.
(etexcmds)             That can mean that you are not using pdfTeX 1.50 or
(etexcmds)             that some package has redefined \expanded.
(etexcmds)             In the latter case, load this package earlier.
Package: kvsetkeys 2012/04/25 v1.16 Key value parser (HO)
Package: kvdefinekeys 2011/04/07 v1.3 Define keys (HO)
Package: pdftexcmds 2011/11/29 v0.20 Utility functions of pdfTeX for LuaTeX (HO
)
Package pdftexcmds Info: LuaTeX not detected.
Package pdftexcmds Info: \pdf@primitive is available.
Package pdftexcmds Info: \pdf@ifprimitive is available.
Package pdftexcmds Info: \pdfdraftmode found.
Package: pdfescape 2011/11/25 v1.13 Implements pdfTeX's escape features (HO)
Package: bigintcalc 2012/04/08 v1.3 Expandable calculations on big integers (HO
)
Package: bitset 2011/01/30 v1.1 Handle bit-vector datatype (HO)
Package: uniquecounter 2011/01/30 v1.2 Provide unlimited unique counter (HO)
)
Package hobsub Info: Skipping package `hobsub' (already loaded).
Package: letltxmacro 2010/09/02 v1.4 Let assignment for LaTeX macros (HO)
Package: hopatch 2012/05/28 v1.2 Wrapper for package hooks (HO)
Package: xcolor-patch 2011/01/30 xcolor patch
Package: atveryend 2011/06/30 v1.8 Hooks at the very end of document (HO)
Package atveryend Info: \enddocument detected (standard20110627).
Package: atbegshi 2011/10/05 v1.16 At begin shipout hook (HO)
Package: refcount 2011/10/16 v3.4 Data extraction from label references (HO)
Package: hycolor 2011/01/30 v1.7 Color options for hyperref/bookmark (HO)
) (/usr/local/texlive/2015basic/texmf-dist/tex/latex/oberdiek/auxhook.sty
Package: auxhook 2011/03/04 v1.3 Hooks for auxiliary files (HO)
)
(/usr/local/texlive/2015basic/texmf-dist/tex/latex/oberdiek/kvoptions.sty
Package: kvoptions 2011/06/30 v3.11 Key value format for package options (HO)
)
\@linkdim=\dimen123
\Hy@linkcounter=\count107
\Hy@pagecounter=\count108

(/usr/local/texlive/2015basic/texmf-dist/tex/latex/hyperref/pd1enc.def
File: pd1enc.def 2012/11/06 v6.83m Hyperref: PDFDocEncoding definition (HO)
)
\Hy@SavedSpaceFactor=\count109

(/usr/local/texlive/2015basic/texmf-dist/tex/latex/latexconfig/hyperref.cfg
File: hyperref.cfg 2002/06/06 v1.2 hyperref configuration of TeXLive
)
Package hyperref Info: Hyper figures OFF on input line 4443.
Package hyperref Info: Link nesting OFF on input line 4448.
Package hyperref Info: Hyper index ON on input line 4451.
Package hyperref Info: Plain pages OFF on input line 4458.
Package hyperref Info: Backreferencing OFF on input line 4463.
Package hyperref Info: Implicit mode ON; LaTeX internals redefined.
Package hyperref Info: Bookmarks ON on input line 4688.
\c@Hy@tempcnt=\count110

(/usr/local/texlive/2015basic/texmf-dist/tex/latex/url/url.sty
\Urlmuskip=\muskip10
Package: url 2013/09/16  ver 3.4  Verb mode for urls, etc.
)
LaTeX Info: Redefining \url on input line 5041.
\XeTeXLinkMargin=\dimen124
\Fld@menulength=\count111
\Field@Width=\dimen125
\Fld@charsize=\dimen126
Package hyperref Info: Hyper figures OFF on input line 6295.
Package hyperref Info: Link nesting OFF on input line 6300.
Package hyperref Info: Hyper index ON on input line 6303.
Package hyperref Info: backreferencing OFF on input line 6310.
Package hyperref Info: Link coloring OFF on input line 6315.
Package hyperref Info: Link coloring with OCG OFF on input line 6320.
Package hyperref Info: PDF/A mode OFF on input line 6325.
LaTeX Info: Redefining \ref on input line 6365.
LaTeX Info: Redefining \pageref on input line 6369.
\Hy@abspage=\count112
\c@Item=\count113
\c@Hfootnote=\count114
)

Package hyperref Message: Driver (autodetected): hpdftex.

(/usr/local/texlive/2015basic/texmf-dist/tex/latex/hyperref/hpdftex.def
File: hpdftex.def 2012/11/06 v6.83m Hyperref driver for pdfTeX
\Fld@listcount=\count115
\c@bookmark@seq@number=\count116

(/usr/local/texlive/2015basic/texmf-dist/tex/latex/oberdiek/rerunfilecheck.sty
Package: rerunfilecheck 2011/04/15 v1.7 Rerun checks for auxiliary files (HO)
Package uniquecounter Info: New unique counter `rerunfilecheck' on input line 2
82.
)
\Hy@SectionHShift=\skip47
) (/usr/local/texlive/2015basic/texmf-dist/tex/latex/graphics/graphicx.sty
Package: graphicx 2014/10/28 v1.0g Enhanced LaTeX Graphics (DPC,SPQR)

(/usr/local/texlive/2015basic/texmf-dist/tex/latex/graphics/graphics.sty
Package: graphics 2016/01/03 v1.0q Standard LaTeX Graphics (DPC,SPQR)

(/usr/local/texlive/2015basic/texmf-dist/tex/latex/graphics/trig.sty
Package: trig 2016/01/03 v1.10 sin cos tan (DPC)
)
(/usr/local/texlive/2015basic/texmf-dist/tex/latex/latexconfig/graphics.cfg
File: graphics.cfg 2010/04/23 v1.9 graphics configuration of TeX Live
)
Package graphics Info: Driver file: pdftex.def on input line 95.

(/usr/local/texlive/2015basic/texmf-dist/tex/latex/pdftex-def/pdftex.def
File: pdftex.def 2011/05/27 v0.06d Graphics/color for pdfTeX
\Gread@gobject=\count117
))
\Gin@req@height=\dimen127
\Gin@req@width=\dimen128
)
(/usr/local/texlive/2015basic/texmf-dist/tex/latex/oberdiek/epstopdf.sty
Package: epstopdf 2010/02/09 v2.5 Conversion with epstopdf on the fly (HO)

(/usr/local/texlive/2015basic/texmf-dist/tex/latex/oberdiek/epstopdf-base.sty
Package: epstopdf-base 2010/02/09 v2.5 Base part for package epstopdf

(/usr/local/texlive/2015basic/texmf-dist/tex/latex/oberdiek/grfext.sty
Package: grfext 2010/08/19 v1.1 Manage graphics extensions (HO)
)
Package grfext Info: Graphics extension search list:
(grfext)             [.png,.pdf,.jpg,.mps,.jpeg,.jbig2,.jb2,.PNG,.PDF,.JPG,.JPE
G,.JBIG2,.JB2,.eps]
(grfext)             \AppendGraphicsExtensions on input line 452.

(/usr/local/texlive/2015basic/texmf-dist/tex/latex/latexconfig/epstopdf-sys.cfg
File: epstopdf-sys.cfg 2010/07/13 v1.3 Configuration of (r)epstopdf for TeX Liv
e
))) (/usr/local/texlive/2015basic/texmf-dist/tex/latex/setspace/setspace.sty
Package: setspace 2011/12/19 v6.7a set line spacing
)
(/usr/local/texlive/2015basic/texmf-dist/tex/latex/framed/framed.sty
Package: framed 2011/10/22 v 0.96: framed or shaded text with page breaks
\OuterFrameSep=\skip48
\fb@frw=\dimen129
\fb@frh=\dimen130
\FrameRule=\dimen131
\FrameSep=\dimen132
)
(/usr/local/texlive/2015basic/texmf-dist/tex/latex/lipsum/lipsum.sty
Package: lipsum 2014/07/27 v1.3 150 paragraphs of Lorem Ipsum dummy text
\c@lips@count=\count118
)
(/usr/local/texlive/2015basic/texmf-dist/tex/latex/mwe/mwe.sty
Package: mwe 2012/05/15 v0.3 Package to support minimal working examples (MWE)
)
(/usr/local/texlive/2015basic/texmf-dist/tex/latex/titling/titling.sty
Package: titling 2009/09/04 v2.1d maketitle typesetting
\thanksmarkwidth=\skip49
\thanksmargin=\skip50
\droptitle=\skip51
)
(/usr/local/texlive/2015basic/texmf-dist/tex/latex/amsmath/amsmath.sty
Package: amsmath 2013/01/14 v2.14 AMS math features
\@mathmargin=\skip52

For additional information on amsmath, use the `?' option.
(/usr/local/texlive/2015basic/texmf-dist/tex/latex/amsmath/amstext.sty
Package: amstext 2000/06/29 v2.01

(/usr/local/texlive/2015basic/texmf-dist/tex/latex/amsmath/amsgen.sty
File: amsgen.sty 1999/11/30 v2.0
\@emptytoks=\toks18
\ex@=\dimen133
))
(/usr/local/texlive/2015basic/texmf-dist/tex/latex/amsmath/amsbsy.sty
Package: amsbsy 1999/11/29 v1.2d
\pmbraise@=\dimen134
)
(/usr/local/texlive/2015basic/texmf-dist/tex/latex/amsmath/amsopn.sty
Package: amsopn 1999/12/14 v2.01 operator names
)
\inf@bad=\count119
LaTeX Info: Redefining \frac on input line 210.
\uproot@=\count120
\leftroot@=\count121
LaTeX Info: Redefining \overline on input line 306.
\classnum@=\count122
\DOTSCASE@=\count123
LaTeX Info: Redefining \ldots on input line 378.
LaTeX Info: Redefining \dots on input line 381.
LaTeX Info: Redefining \cdots on input line 466.
\Mathstrutbox@=\box52
\strutbox@=\box53
\big@size=\dimen135
LaTeX Font Info:    Redeclaring font encoding OML on input line 566.
LaTeX Font Info:    Redeclaring font encoding OMS on input line 567.
\macc@depth=\count124
\c@MaxMatrixCols=\count125
\dotsspace@=\muskip11
\c@parentequation=\count126
\dspbrk@lvl=\count127
\tag@help=\toks19
\row@=\count128
\column@=\count129
\maxfields@=\count130
\andhelp@=\toks20
\eqnshift@=\dimen136
\alignsep@=\dimen137
\tagshift@=\dimen138
\tagwidth@=\dimen139
\totwidth@=\dimen140
\lineht@=\dimen141
\@envbody=\toks21
\multlinegap=\skip53
\multlinetaggap=\skip54
\mathdisplay@stack=\toks22
LaTeX Info: Redefining \[ on input line 2665.
LaTeX Info: Redefining \] on input line 2666.
)
(/usr/local/texlive/2015basic/texmf-dist/tex/latex/amsfonts/amssymb.sty
Package: amssymb 2013/01/14 v3.01 AMS font symbols

(/usr/local/texlive/2015basic/texmf-dist/tex/latex/amsfonts/amsfonts.sty
Package: amsfonts 2013/01/14 v3.01 Basic AMSFonts support
\symAMSa=\mathgroup4
\symAMSb=\mathgroup5
LaTeX Font Info:    Overwriting math alphabet `\mathfrak' in version `bold'
(Font)                  U/euf/m/n --> U/euf/b/n on input line 106.
))
(/usr/local/texlive/2015basic/texmf-dist/tex/latex/base/inputenc.sty
Package: inputenc 2015/03/17 v1.2c Input encoding file
\inpenc@prehook=\toks23
\inpenc@posthook=\toks24

(/usr/local/texlive/2015basic/texmf-dist/tex/latex/base/utf8.def
File: utf8.def 2015/12/03 v1.1r UTF-8 support for inputenc
Now handling font encoding OML ...
... no UTF-8 mapping file for font encoding OML
Now handling font encoding T1 ...
... processing UTF-8 mapping file for font encoding T1

(/usr/local/texlive/2015basic/texmf-dist/tex/latex/base/t1enc.dfu
File: t1enc.dfu 2015/12/03 v1.1r UTF-8 support for inputenc
   defining Unicode char U+00A0 (decimal 160)
   defining Unicode char U+00A1 (decimal 161)
   defining Unicode char U+00A3 (decimal 163)
   defining Unicode char U+00AB (decimal 171)
   defining Unicode char U+00AD (decimal 173)
   defining Unicode char U+00BB (decimal 187)
   defining Unicode char U+00BF (decimal 191)
   defining Unicode char U+00C0 (decimal 192)
   defining Unicode char U+00C1 (decimal 193)
   defining Unicode char U+00C2 (decimal 194)
   defining Unicode char U+00C3 (decimal 195)
   defining Unicode char U+00C4 (decimal 196)
   defining Unicode char U+00C5 (decimal 197)
   defining Unicode char U+00C6 (decimal 198)
   defining Unicode char U+00C7 (decimal 199)
   defining Unicode char U+00C8 (decimal 200)
   defining Unicode char U+00C9 (decimal 201)
   defining Unicode char U+00CA (decimal 202)
   defining Unicode char U+00CB (decimal 203)
   defining Unicode char U+00CC (decimal 204)
   defining Unicode char U+00CD (decimal 205)
   defining Unicode char U+00CE (decimal 206)
   defining Unicode char U+00CF (decimal 207)
   defining Unicode char U+00D0 (decimal 208)
   defining Unicode char U+00D1 (decimal 209)
   defining Unicode char U+00D2 (decimal 210)
   defining Unicode char U+00D3 (decimal 211)
   defining Unicode char U+00D4 (decimal 212)
   defining Unicode char U+00D5 (decimal 213)
   defining Unicode char U+00D6 (decimal 214)
   defining Unicode char U+00D8 (decimal 216)
   defining Unicode char U+00D9 (decimal 217)
   defining Unicode char U+00DA (decimal 218)
   defining Unicode char U+00DB (decimal 219)
   defining Unicode char U+00DC (decimal 220)
   defining Unicode char U+00DD (decimal 221)
   defining Unicode char U+00DE (decimal 222)
   defining Unicode char U+00DF (decimal 223)
   defining Unicode char U+00E0 (decimal 224)
   defining Unicode char U+00E1 (decimal 225)
   defining Unicode char U+00E2 (decimal 226)
   defining Unicode char U+00E3 (decimal 227)
   defining Unicode char U+00E4 (decimal 228)
   defining Unicode char U+00E5 (decimal 229)
   defining Unicode char U+00E6 (decimal 230)
   defining Unicode char U+00E7 (decimal 231)
   defining Unicode char U+00E8 (decimal 232)
   defining Unicode char U+00E9 (decimal 233)
   defining Unicode char U+00EA (decimal 234)
   defining Unicode char U+00EB (decimal 235)
   defining Unicode char U+00EC (decimal 236)
   defining Unicode char U+00ED (decimal 237)
   defining Unicode char U+00EE (decimal 238)
   defining Unicode char U+00EF (decimal 239)
   defining Unicode char U+00F0 (decimal 240)
   defining Unicode char U+00F1 (decimal 241)
   defining Unicode char U+00F2 (decimal 242)
   defining Unicode char U+00F3 (decimal 243)
   defining Unicode char U+00F4 (decimal 244)
   defining Unicode char U+00F5 (decimal 245)
   defining Unicode char U+00F6 (decimal 246)
   defining Unicode char U+00F8 (decimal 248)
   defining Unicode char U+00F9 (decimal 249)
   defining Unicode char U+00FA (decimal 250)
   defining Unicode char U+00FB (decimal 251)
   defining Unicode char U+00FC (decimal 252)
   defining Unicode char U+00FD (decimal 253)
   defining Unicode char U+00FE (decimal 254)
   defining Unicode char U+00FF (decimal 255)
   defining Unicode char U+0100 (decimal 256)
   defining Unicode char U+0101 (decimal 257)
   defining Unicode char U+0102 (decimal 258)
   defining Unicode char U+0103 (decimal 259)
   defining Unicode char U+0104 (decimal 260)
   defining Unicode char U+0105 (decimal 261)
   defining Unicode char U+0106 (decimal 262)
   defining Unicode char U+0107 (decimal 263)
   defining Unicode char U+0108 (decimal 264)
   defining Unicode char U+0109 (decimal 265)
   defining Unicode char U+010A (decimal 266)
   defining Unicode char U+010B (decimal 267)
   defining Unicode char U+010C (decimal 268)
   defining Unicode char U+010D (decimal 269)
   defining Unicode char U+010E (decimal 270)
   defining Unicode char U+010F (decimal 271)
   defining Unicode char U+0110 (decimal 272)
   defining Unicode char U+0111 (decimal 273)
   defining Unicode char U+0112 (decimal 274)
   defining Unicode char U+0113 (decimal 275)
   defining Unicode char U+0114 (decimal 276)
   defining Unicode char U+0115 (decimal 277)
   defining Unicode char U+0116 (decimal 278)
   defining Unicode char U+0117 (decimal 279)
   defining Unicode char U+0118 (decimal 280)
   defining Unicode char U+0119 (decimal 281)
   defining Unicode char U+011A (decimal 282)
   defining Unicode char U+011B (decimal 283)
   defining Unicode char U+011C (decimal 284)
   defining Unicode char U+011D (decimal 285)
   defining Unicode char U+011E (decimal 286)
   defining Unicode char U+011F (decimal 287)
   defining Unicode char U+0120 (decimal 288)
   defining Unicode char U+0121 (decimal 289)
   defining Unicode char U+0122 (decimal 290)
   defining Unicode char U+0123 (decimal 291)
   defining Unicode char U+0124 (decimal 292)
   defining Unicode char U+0125 (decimal 293)
   defining Unicode char U+0128 (decimal 296)
   defining Unicode char U+0129 (decimal 297)
   defining Unicode char U+012A (decimal 298)
   defining Unicode char U+012B (decimal 299)
   defining Unicode char U+012C (decimal 300)
   defining Unicode char U+012D (decimal 301)
   defining Unicode char U+012E (decimal 302)
   defining Unicode char U+012F (decimal 303)
   defining Unicode char U+0130 (decimal 304)
   defining Unicode char U+0131 (decimal 305)
   defining Unicode char U+0132 (decimal 306)
   defining Unicode char U+0133 (decimal 307)
   defining Unicode char U+0134 (decimal 308)
   defining Unicode char U+0135 (decimal 309)
   defining Unicode char U+0136 (decimal 310)
   defining Unicode char U+0137 (decimal 311)
   defining Unicode char U+0139 (decimal 313)
   defining Unicode char U+013A (decimal 314)
   defining Unicode char U+013B (decimal 315)
   defining Unicode char U+013C (decimal 316)
   defining Unicode char U+013D (decimal 317)
   defining Unicode char U+013E (decimal 318)
   defining Unicode char U+0141 (decimal 321)
   defining Unicode char U+0142 (decimal 322)
   defining Unicode char U+0143 (decimal 323)
   defining Unicode char U+0144 (decimal 324)
   defining Unicode char U+0145 (decimal 325)
   defining Unicode char U+0146 (decimal 326)
   defining Unicode char U+0147 (decimal 327)
   defining Unicode char U+0148 (decimal 328)
   defining Unicode char U+014A (decimal 330)
   defining Unicode char U+014B (decimal 331)
   defining Unicode char U+014C (decimal 332)
   defining Unicode char U+014D (decimal 333)
   defining Unicode char U+014E (decimal 334)
   defining Unicode char U+014F (decimal 335)
   defining Unicode char U+0150 (decimal 336)
   defining Unicode char U+0151 (decimal 337)
   defining Unicode char U+0152 (decimal 338)
   defining Unicode char U+0153 (decimal 339)
   defining Unicode char U+0154 (decimal 340)
   defining Unicode char U+0155 (decimal 341)
   defining Unicode char U+0156 (decimal 342)
   defining Unicode char U+0157 (decimal 343)
   defining Unicode char U+0158 (decimal 344)
   defining Unicode char U+0159 (decimal 345)
   defining Unicode char U+015A (decimal 346)
   defining Unicode char U+015B (decimal 347)
   defining Unicode char U+015C (decimal 348)
   defining Unicode char U+015D (decimal 349)
   defining Unicode char U+015E (decimal 350)
   defining Unicode char U+015F (decimal 351)
   defining Unicode char U+0160 (decimal 352)
   defining Unicode char U+0161 (decimal 353)
   defining Unicode char U+0162 (decimal 354)
   defining Unicode char U+0163 (decimal 355)
   defining Unicode char U+0164 (decimal 356)
   defining Unicode char U+0165 (decimal 357)
   defining Unicode char U+0168 (decimal 360)
   defining Unicode char U+0169 (decimal 361)
   defining Unicode char U+016A (decimal 362)
   defining Unicode char U+016B (decimal 363)
   defining Unicode char U+016C (decimal 364)
   defining Unicode char U+016D (decimal 365)
   defining Unicode char U+016E (decimal 366)
   defining Unicode char U+016F (decimal 367)
   defining Unicode char U+0170 (decimal 368)
   defining Unicode char U+0171 (decimal 369)
   defining Unicode char U+0172 (decimal 370)
   defining Unicode char U+0173 (decimal 371)
   defining Unicode char U+0174 (decimal 372)
   defining Unicode char U+0175 (decimal 373)
   defining Unicode char U+0176 (decimal 374)
   defining Unicode char U+0177 (decimal 375)
   defining Unicode char U+0178 (decimal 376)
   defining Unicode char U+0179 (decimal 377)
   defining Unicode char U+017A (decimal 378)
   defining Unicode char U+017B (decimal 379)
   defining Unicode char U+017C (decimal 380)
   defining Unicode char U+017D (decimal 381)
   defining Unicode char U+017E (decimal 382)
   defining Unicode char U+01CD (decimal 461)
   defining Unicode char U+01CE (decimal 462)
   defining Unicode char U+01CF (decimal 463)
   defining Unicode char U+01D0 (decimal 464)
   defining Unicode char U+01D1 (decimal 465)
   defining Unicode char U+01D2 (decimal 466)
   defining Unicode char U+01D3 (decimal 467)
   defining Unicode char U+01D4 (decimal 468)
   defining Unicode char U+01E2 (decimal 482)
   defining Unicode char U+01E3 (decimal 483)
   defining Unicode char U+01E6 (decimal 486)
   defining Unicode char U+01E7 (decimal 487)
   defining Unicode char U+01E8 (decimal 488)
   defining Unicode char U+01E9 (decimal 489)
   defining Unicode char U+01EA (decimal 490)
   defining Unicode char U+01EB (decimal 491)
   defining Unicode char U+01F0 (decimal 496)
   defining Unicode char U+01F4 (decimal 500)
   defining Unicode char U+01F5 (decimal 501)
   defining Unicode char U+0218 (decimal 536)
   defining Unicode char U+0219 (decimal 537)
   defining Unicode char U+021A (decimal 538)
   defining Unicode char U+021B (decimal 539)
   defining Unicode char U+01E02 (decimal 7682)
   defining Unicode char U+01E03 (decimal 7683)
   defining Unicode char U+200C (decimal 8204)
   defining Unicode char U+2013 (decimal 8211)
   defining Unicode char U+2014 (decimal 8212)
   defining Unicode char U+2018 (decimal 8216)
   defining Unicode char U+2019 (decimal 8217)
   defining Unicode char U+201A (decimal 8218)
   defining Unicode char U+201C (decimal 8220)
   defining Unicode char U+201D (decimal 8221)
   defining Unicode char U+201E (decimal 8222)
   defining Unicode char U+2030 (decimal 8240)
   defining Unicode char U+2031 (decimal 8241)
   defining Unicode char U+2039 (decimal 8249)
   defining Unicode char U+203A (decimal 8250)
   defining Unicode char U+2423 (decimal 9251)
)
Now handling font encoding OT1 ...
... processing UTF-8 mapping file for font encoding OT1

(/usr/local/texlive/2015basic/texmf-dist/tex/latex/base/ot1enc.dfu
File: ot1enc.dfu 2015/12/03 v1.1r UTF-8 support for inputenc
   defining Unicode char U+00A0 (decimal 160)
   defining Unicode char U+00A1 (decimal 161)
   defining Unicode char U+00A3 (decimal 163)
   defining Unicode char U+00AD (decimal 173)
   defining Unicode char U+00B8 (decimal 184)
   defining Unicode char U+00BF (decimal 191)
   defining Unicode char U+00C5 (decimal 197)
   defining Unicode char U+00C6 (decimal 198)
   defining Unicode char U+00D8 (decimal 216)
   defining Unicode char U+00DF (decimal 223)
   defining Unicode char U+00E6 (decimal 230)
   defining Unicode char U+00EC (decimal 236)
   defining Unicode char U+00ED (decimal 237)
   defining Unicode char U+00EE (decimal 238)
   defining Unicode char U+00EF (decimal 239)
   defining Unicode char U+00F8 (decimal 248)
   defining Unicode char U+0131 (decimal 305)
   defining Unicode char U+0141 (decimal 321)
   defining Unicode char U+0142 (decimal 322)
   defining Unicode char U+0152 (decimal 338)
   defining Unicode char U+0153 (decimal 339)
   defining Unicode char U+0174 (decimal 372)
   defining Unicode char U+0175 (decimal 373)
   defining Unicode char U+0176 (decimal 374)
   defining Unicode char U+0177 (decimal 375)
   defining Unicode char U+0218 (decimal 536)
   defining Unicode char U+0219 (decimal 537)
   defining Unicode char U+021A (decimal 538)
   defining Unicode char U+021B (decimal 539)
   defining Unicode char U+2013 (decimal 8211)
   defining Unicode char U+2014 (decimal 8212)
   defining Unicode char U+2018 (decimal 8216)
   defining Unicode char U+2019 (decimal 8217)
   defining Unicode char U+201C (decimal 8220)
   defining Unicode char U+201D (decimal 8221)
)
Now handling font encoding OMS ...
... processing UTF-8 mapping file for font encoding OMS

(/usr/local/texlive/2015basic/texmf-dist/tex/latex/base/omsenc.dfu
File: omsenc.dfu 2015/12/03 v1.1r UTF-8 support for inputenc
   defining Unicode char U+00A7 (decimal 167)
   defining Unicode char U+00B6 (decimal 182)
   defining Unicode char U+00B7 (decimal 183)
   defining Unicode char U+2020 (decimal 8224)
   defining Unicode char U+2021 (decimal 8225)
   defining Unicode char U+2022 (decimal 8226)
)
Now handling font encoding OMX ...
... no UTF-8 mapping file for font encoding OMX
Now handling font encoding U ...
... no UTF-8 mapping file for font encoding U
Now handling font encoding PD1 ...
... no UTF-8 mapping file for font encoding PD1
   defining Unicode char U+00A9 (decimal 169)
   defining Unicode char U+00AA (decimal 170)
   defining Unicode char U+00AE (decimal 174)
   defining Unicode char U+00BA (decimal 186)
   defining Unicode char U+02C6 (decimal 710)
   defining Unicode char U+02DC (decimal 732)
   defining Unicode char U+200C (decimal 8204)
   defining Unicode char U+2026 (decimal 8230)
   defining Unicode char U+2122 (decimal 8482)
   defining Unicode char U+2423 (decimal 9251)
))
(/usr/local/texlive/2015basic/texmf-dist/tex/latex/listings/listings.sty
\lst@mode=\count131
\lst@gtempboxa=\box54
\lst@token=\toks25
\lst@length=\count132
\lst@currlwidth=\dimen142
\lst@column=\count133
\lst@pos=\count134
\lst@lostspace=\dimen143
\lst@width=\dimen144
\lst@newlines=\count135
\lst@lineno=\count136
\lst@maxwidth=\dimen145

(/usr/local/texlive/2015basic/texmf-dist/tex/latex/listings/lstmisc.sty
File: lstmisc.sty 2015/06/04 1.6 (Carsten Heinz)
\c@lstnumber=\count137
\lst@skipnumbers=\count138
\lst@framebox=\box55
)
(/usr/local/texlive/2015basic/texmf-dist/tex/latex/listings/listings.cfg
File: listings.cfg 2015/06/04 1.6 listings configuration
))
Package: listings 2015/06/04 1.6 (Carsten Heinz)

(/usr/local/texlive/2015basic/texmf-dist/tex/latex/caption/caption.sty
Package: caption 2016/02/21 v3.3-144 Customizing captions (AR)

(/usr/local/texlive/2015basic/texmf-dist/tex/latex/caption/caption3.sty
Package: caption3 2016/02/04 v1.7-139 caption3 kernel (AR)
Package caption3 Info: TeX engine: e-TeX on input line 67.
\captionmargin=\dimen146
\captionmargin@=\dimen147
\captionwidth=\dimen148
\caption@tempdima=\dimen149
\caption@indent=\dimen150
\caption@parindent=\dimen151
\caption@hangindent=\dimen152
)
\c@ContinuedFloat=\count139
Package caption Info: hyperref package is loaded.
Package caption Info: listings package is loaded.
)
(/usr/local/texlive/2015basic/texmf-dist/tex/latex/caption/subcaption.sty
Package: subcaption 2016/02/20 v1.1-142 Sub-captions (AR)
\c@subfigure=\count140
\c@subtable=\count141
)
(/usr/local/texlive/2015basic/texmf-dist/tex/latex/booktabs/booktabs.sty
Package: booktabs 2005/04/14 v1.61803 publication quality tables
\heavyrulewidth=\dimen153
\lightrulewidth=\dimen154
\cmidrulewidth=\dimen155
\belowrulesep=\dimen156
\belowbottomsep=\dimen157
\aboverulesep=\dimen158
\abovetopsep=\dimen159
\cmidrulesep=\dimen160
\cmidrulekern=\dimen161
\defaultaddspace=\dimen162
\@cmidla=\count142
\@cmidlb=\count143
\@aboverulesep=\dimen163
\@belowrulesep=\dimen164
\@thisruleclass=\count144
\@lastruleclass=\count145
\@thisrulewidth=\dimen165
)
(/usr/local/texlive/2015basic/texmf-dist/tex/latex/base/fontenc.sty
Package: fontenc 2005/09/27 v1.99g Standard LaTeX package

(/usr/local/texlive/2015basic/texmf-dist/tex/latex/base/t1enc.def
File: t1enc.def 2005/09/27 v1.99g Standard LaTeX file
LaTeX Font Info:    Redeclaring font encoding T1 on input line 48.
))
(/usr/local/texlive/2015basic/texmf-dist/tex/latex/algorithm2e/algorithm2e.sty
Package: algorithm2e 2013/01/06 v5.00 algorithms environments
\c@AlgoLine=\count146

(/usr/local/texlive/2015basic/texmf-dist/tex/latex/base/ifthen.sty
Package: ifthen 2014/09/29 v1.1c Standard LaTeX ifthen package (DPC)
)
\algocf@hangindent=\skip55

(/usr/local/texlive/2015basic/texmf-dist/tex/latex/tools/xspace.sty
Package: xspace 2014/10/28 v1.13 Space after command names (DPC,MH)
)
(/usr/local/texlive/2015basic/texmf-dist/tex/latex/relsize/relsize.sty
Package: relsize 2013/03/29 ver 4.1
)
********************************************************
Package `algorithm2e' Release 5.1 -- october 19 2015 --
- algorithm2e-announce@lirmm.fr mailing list for announcement about releases
- algorithm2e-discussion@lirmm.fr mailing list for discussion about package
subscribe by emailing sympa@lirmm.fr with 'subscribe <list> <firstname name>'
- Author: Christophe Fiorio (christophe.fiorio@umontpellier.fr)
********************************************************
\skiptotal=\skip56
\skiplinenumber=\skip57
\skiprule=\skip58
\skiphlne=\skip59
\skiptext=\skip60
\skiplength=\skip61
\algomargin=\skip62
\skipalgocfslide=\skip63
\algowidth=\dimen166
\inoutsize=\dimen167
\inoutindent=\dimen168
\interspacetitleruled=\dimen169
\interspacealgoruled=\dimen170
\interspacetitleboxruled=\dimen171
\algocf@ruledwidth=\skip64
\algocf@inoutbox=\box56
\algocf@inputbox=\box57
\AlCapSkip=\skip65
\AlCapHSkip=\skip66
\algoskipindent=\skip67
\algocf@nlbox=\box58
\algocf@hangingbox=\box59
\algocf@untilbox=\box60
\algocf@skipuntil=\skip68
\algocf@capbox=\box61
\algoheightruledefault=\skip69
\algoheightrule=\skip70
\algotitleheightruledefault=\skip71
\algotitleheightrule=\skip72
\c@algocfline=\count147
\c@algocfproc=\count148
\c@algocf=\count149
\algocf@algoframe=\box62
\algocf@algobox=\box63
) (/usr/local/texlive/2015basic/texmf-dist/tex/latex/csvsimple/csvsimple.sty
Package: csvsimple 2014/07/14 version 1.12 LaTeX CSV file processing

(/usr/local/texlive/2015basic/texmf-dist/tex/latex/pgf/utilities/pgfkeys.sty
(/usr/local/texlive/2015basic/texmf-dist/tex/generic/pgf/utilities/pgfkeys.code
.tex
\pgfkeys@pathtoks=\toks26
\pgfkeys@temptoks=\toks27

(/usr/local/texlive/2015basic/texmf-dist/tex/generic/pgf/utilities/pgfkeysfilte
red.code.tex
\pgfkeys@tmptoks=\toks28
)))
\csv@file=\read1
\c@csvinputline=\count150
\c@csvrow=\count151
\c@csvcol=\count152
\csv@out=\write3
)

Package geometry Warning: Over-specification in `h'-direction.
    `width' (483.69684pt) is ignored.


Package geometry Warning: Over-specification in `v'-direction.
    `height' (731.23582pt) is ignored.

(./report.aux

LaTeX Warning: Label `dlkasd' multiply defined.


LaTeX Warning: Label `dlkasd' multiply defined.


LaTeX Warning: Label `dlkasd' multiply defined.


LaTeX Warning: Label `dlkasd' multiply defined.


LaTeX Warning: Label `dlkasd' multiply defined.


LaTeX Warning: Label `dlkasd' multiply defined.


LaTeX Warning: Label `dlkasd' multiply defined.


LaTeX Warning: Label `dlkasd' multiply defined.


LaTeX Warning: Label `dlkasd' multiply defined.


LaTeX Warning: Label `dlkasd' multiply defined.


LaTeX Warning: Label `dlkasd' multiply defined.


LaTeX Warning: Label `dlkasd' multiply defined.


LaTeX Warning: Label `dlkasd' multiply defined.


LaTeX Warning: Label `dlkasd' multiply defined.


LaTeX Warning: Label `dlkasd' multiply defined.


LaTeX Warning: Label `dlkasd' multiply defined.


LaTeX Warning: Label `dlkasd' multiply defined.


LaTeX Warning: Label `dlkasd' multiply defined.


LaTeX Warning: Label `dlkasd' multiply defined.


LaTeX Warning: Label `dlkasd' multiply defined.


LaTeX Warning: Label `dlkasd' multiply defined.


LaTeX Warning: Label `dlkasd' multiply defined.


LaTeX Warning: Label `dlkasd' multiply defined.


LaTeX Warning: Label `dlkasd' multiply defined.


LaTeX Warning: Label `dlkasd' multiply defined.


LaTeX Warning: Label `dlkasd' multiply defined.


LaTeX Warning: Label `dlkasd' multiply defined.


LaTeX Warning: Label `dlkasd' multiply defined.


LaTeX Warning: Label `dlkasd' multiply defined.


LaTeX Warning: Label `dlkasd' multiply defined.


LaTeX Warning: Label `dlkasd' multiply defined.


LaTeX Warning: Label `dlkasd' multiply defined.


LaTeX Warning: Label `dlkasd' multiply defined.

)
\openout1 = `report.aux'.

LaTeX Font Info:    Checking defaults for OML/cmm/m/it on input line 93.
LaTeX Font Info:    ... okay on input line 93.
LaTeX Font Info:    Checking defaults for T1/cmr/m/n on input line 93.
LaTeX Font Info:    ... okay on input line 93.
LaTeX Font Info:    Checking defaults for OT1/cmr/m/n on input line 93.
LaTeX Font Info:    ... okay on input line 93.
LaTeX Font Info:    Checking defaults for OMS/cmsy/m/n on input line 93.
LaTeX Font Info:    ... okay on input line 93.
LaTeX Font Info:    Checking defaults for OMX/cmex/m/n on input line 93.
LaTeX Font Info:    ... okay on input line 93.
LaTeX Font Info:    Checking defaults for U/cmr/m/n on input line 93.
LaTeX Font Info:    ... okay on input line 93.
LaTeX Font Info:    Checking defaults for PD1/pdf/m/n on input line 93.
LaTeX Font Info:    ... okay on input line 93.

*geometry* driver: auto-detecting
*geometry* detected driver: pdftex
*geometry* verbose mode - [ preamble ] result:
* driver: pdftex
* paper: a4paper
* layout: <same size as paper>
* layoutoffset:(h,v)=(0.0pt,0.0pt)
* modes: 
* h-part:(L,W,R)=(85.35826pt, 426.79135pt, 85.35826pt)
* v-part:(T,H,B)=(71.13188pt, 688.5567pt, 85.35826pt)
* \paperwidth=597.50787pt
* \paperheight=845.04684pt
* \textwidth=426.79135pt
* \textheight=688.5567pt
* \oddsidemargin=13.08827pt
* \evensidemargin=13.08827pt
* \topmargin=-38.1381pt
* \headheight=12.0pt
* \headsep=25.0pt
* \topskip=12.0pt
* \footskip=30.0pt
* \marginparwidth=96.0pt
* \marginparsep=10.0pt
* \columnsep=10.0pt
* \skip\footins=10.8pt plus 4.0pt minus 2.0pt
* \hoffset=0.0pt
* \voffset=0.0pt
* \mag=1000
* \@twocolumnfalse
* \@twosidefalse
* \@mparswitchfalse
* \@reversemargintrue
* (1in=72.27pt=25.4mm, 1cm=28.453pt)

\AtBeginShipoutBox=\box64
Package hyperref Info: Link coloring OFF on input line 93.
(/usr/local/texlive/2015basic/texmf-dist/tex/latex/hyperref/nameref.sty
Package: nameref 2012/10/27 v2.43 Cross-referencing by name of section

(/usr/local/texlive/2015basic/texmf-dist/tex/generic/oberdiek/gettitlestring.st
y
Package: gettitlestring 2010/12/03 v1.4 Cleanup title references (HO)
)
\c@section@level=\count153
)
LaTeX Info: Redefining \ref on input line 93.
LaTeX Info: Redefining \pageref on input line 93.
LaTeX Info: Redefining \nameref on input line 93.
 (./report.out) (./report.out)
\@outlinefile=\write4
\openout4 = `report.out'.


(/usr/local/texlive/2015basic/texmf-dist/tex/context/base/supp-pdf.mkii
[Loading MPS to PDF converter (version 2006.09.02).]
\scratchcounter=\count154
\scratchdimen=\dimen172
\scratchbox=\box65
\nofMPsegments=\count155
\nofMParguments=\count156
\everyMPshowfont=\toks29
\MPscratchCnt=\count157
\MPscratchDim=\dimen173
\MPnumerator=\count158
\makeMPintoPDFobject=\count159
\everyMPtoPDFconversion=\toks30
)
\c@lstlisting=\count160
Package caption Info: Begin \AtBeginDocument code.
Package caption Info: End \AtBeginDocument code.
 <./img/boun.png, id=60, 1027.84pt x 1027.84pt>
File: ./img/boun.png Graphic file (type png)
 <use ./img/boun.png>
Package pdftex.def Info: ./img/boun.png used on input line 95.
(pdftex.def)             Requested size: 113.81102pt x 113.79987pt.
 [1

{/usr/local/texlive/2015basic/texmf-var/fonts/map/pdftex/updmap/pdftex.map} <./
img/boun.png>] (./report.toc
LaTeX Font Info:    Try loading font information for U+msa on input line 3.

(/usr/local/texlive/2015basic/texmf-dist/tex/latex/amsfonts/umsa.fd
File: umsa.fd 2013/01/14 v3.01 AMS symbols A
)
LaTeX Font Info:    Try loading font information for U+msb on input line 3.

(/usr/local/texlive/2015basic/texmf-dist/tex/latex/amsfonts/umsb.fd
File: umsb.fd 2013/01/14 v3.01 AMS symbols B
))
\tf@toc=\write5
\openout5 = `report.toc'.

 [2]

LaTeX Warning: Citation `minka2006trueskill' on page 3 undefined on input line 
127.

[3]
LaTeX Font Info:    Try loading font information for OMS+cmr on input line 144.

 (/usr/local/texlive/2015basic/texmf-dist/tex/latex/base/omscmr.fd
File: omscmr.fd 2014/09/29 v2.5h Standard LaTeX font definitions
)
LaTeX Font Info:    Font shape `OMS/cmr/m/n' in size <12> not available
(Font)              Font shape `OMS/cmsy/m/n' tried instead on input line 144.
 [4]
<./img/factor_graph.png, id=115, 1221.56375pt x 961.5925pt>
File: ./img/factor_graph.png Graphic file (type png)

<use ./img/factor_graph.png>
Package pdftex.def Info: ./img/factor_graph.png used on input line 156.
(pdftex.def)             Requested size: 426.79135pt x 335.96083pt.
 <./img/11.png, id=118, 663.47874pt x 395.4775pt>
File: ./img/11.png Graphic file (type png)

<use ./img/11.png>
Package pdftex.def Info: ./img/11.png used on input line 167.
(pdftex.def)             Requested size: 192.0548pt x 114.47432pt.
 <./img/12.png, id=119, 666.49pt x 397.485pt>
File: ./img/12.png Graphic file (type png)

<use ./img/12.png>
Package pdftex.def Info: ./img/12.png used on input line 173.
(pdftex.def)             Requested size: 192.0548pt x 114.53381pt.
 <./img/21.png, id=120, 680.5425pt x 404.51125pt>
File: ./img/21.png Graphic file (type png)

<use ./img/21.png>
Package pdftex.def Info: ./img/21.png used on input line 184.
(pdftex.def)             Requested size: 192.0548pt x 114.15736pt.
 <./img/22.png, id=121, 670.505pt x 392.46625pt>
File: ./img/22.png Graphic file (type png)

<use ./img/22.png>
Package pdftex.def Info: ./img/22.png used on input line 190.
(pdftex.def)             Requested size: 192.0548pt x 112.41096pt.
 [5 <./img/factor_graph.png>] [6 <./img/11.png> <./img/12.png> <./img/21.png> <
./img/22.png>] [7]
Overfull \hbox (16.30698pt too wide) in paragraph at lines 299--300
[]\T1/cmr/m/n/12 We get the joint prob-a-bil-ity dis-tri-bu-tion $\OML/cmm/m/it
/12 P\OT1/cmr/m/n/12 (\OML/cmm/m/it/12 s[]; s[]; [] ; s[]; w[]; w[]; [] ; w[]; 
r[]; r[]; [] \OT1/cmr/m/n/12 )$ 
 []

<./img/bi_expo.png, id=163, 578.16pt x 433.62pt>
File: ./img/bi_expo.png Graphic file (type png)
 <use ./img/bi_expo.png>
Package pdftex.def Info: ./img/bi_expo.png used on input line 304.
(pdftex.def)             Requested size: 298.75264pt x 224.06114pt.

<./img/sigmo.png, id=164, 578.16pt x 433.62pt>
File: ./img/sigmo.png Graphic file (type png)
 <use ./img/sigmo.png>
Package pdftex.def Info: ./img/sigmo.png used on input line 311.
(pdftex.def)             Requested size: 384.1096pt x 288.0824pt.

<./img/sigmo_2.png, id=165, 578.16pt x 433.62pt>
File: ./img/sigmo_2.png Graphic file (type png)
 <use ./img/sigmo_2.png>
Package pdftex.def Info: ./img/sigmo_2.png used on input line 318.
(pdftex.def)             Requested size: 384.1096pt x 288.0824pt.

<./img/baynet_1.png, id=166, 565.11125pt x 251.94125pt>
File: ./img/baynet_1.png Graphic file (type png)

<use ./img/baynet_1.png>
Package pdftex.def Info: ./img/baynet_1.png used on input line 327.
(pdftex.def)             Requested size: 298.75264pt x 133.19376pt.

<./img/baynet_2.png, id=169, 565.11125pt x 251.94125pt>
File: ./img/baynet_2.png Graphic file (type png)

<use ./img/baynet_2.png>
Package pdftex.def Info: ./img/baynet_2.png used on input line 334.
(pdftex.def)             Requested size: 298.75264pt x 133.19376pt.

<./img/baynet_3.png, id=172, 530.98375pt x 251.94125pt>
File: ./img/baynet_3.png Graphic file (type png)

<use ./img/baynet_3.png>
Package pdftex.def Info: ./img/baynet_3.png used on input line 341.
(pdftex.def)             Requested size: 298.75264pt x 141.75504pt.
 [8 <./img/bi_expo.png (PNG copy)>]

LaTeX Warning: Text page 9 contains only floats.

[9 <./img/sigmo.png (PNG copy)> <./img/sigmo_2.png (PNG copy)>] [10 <./img/bayn
et_1.png> <./img/baynet_2.png> <./img/baynet_3.png>] [11

]
<./img/mh.png, id=204, 1502.61375pt x 833.1125pt>
File: ./img/mh.png Graphic file (type png)
 <use ./img/mh.png>
Package pdftex.def Info: ./img/mh.png used on input line 375.
(pdftex.def)             Requested size: 426.79135pt x 236.62595pt.
 [12 <./img/mh.png>] <./img/multinom.png, id=216, 751.80875pt x 680.5425pt>
File: ./img/multinom.png Graphic file (type png)

<use ./img/multinom.png>
Package pdftex.def Info: ./img/multinom.png used on input line 395.
(pdftex.def)             Requested size: 234.73654pt x 212.48209pt.
 <./img/gibbs.png, id=219, 912.40875pt x 421.575pt>
File: ./img/gibbs.png Graphic file (type png)

<use ./img/gibbs.png>
Package pdftex.def Info: ./img/gibbs.png used on input line 402.
(pdftex.def)             Requested size: 234.73654pt x 108.45544pt.
 <./img/fg.png, id=222, 89.6148pt x 88.1694pt>
File: ./img/fg.png Graphic file (type png)

<use ./img/fg.png>
Package pdftex.def Info: ./img/fg.png used on input line 413.
(pdftex.def)             Requested size: 128.0387pt x 125.98036pt.
 [13 <./img/multinom.png> <./img/gibbs.png>]

LaTeX Warning: Command \^ invalid in math mode on input line 434.

Missing character: There is no î in font cmr12!
[14 <./img/fg.png>]

LaTeX Warning: Command \^ invalid in math mode on input line 447.

Missing character: There is no î in font cmr12!
[15] [16

]
<./img/out/T8_23/MH/plot/joint_scatter_plot.png, id=258, 867.24pt x 867.24pt>
File: ./img/out/T8_23/MH/plot/joint_scatter_plot.png Graphic file (type png)

<use ./img/out/T8_23/MH/plot/joint_scatter_plot.png>
Package pdftex.def Info: ./img/out/T8_23/MH/plot/joint_scatter_plot.png used on
 input line 479.
(pdftex.def)             Requested size: 298.75264pt x 298.7482pt.

<./img/out/T8_23/Gibbs/plot/joint_scatter_plot.png, id=259, 867.24pt x 867.24pt
>
File: ./img/out/T8_23/Gibbs/plot/joint_scatter_plot.png Graphic file (type png)

 <use ./img/out/T8_23/Gibbs/plot/joint_scatter_plot.png>
Package pdftex.def Info: ./img/out/T8_23/Gibbs/plot/joint_scatter_plot.png used
 on input line 480.
(pdftex.def)             Requested size: 298.75264pt x 298.7482pt.

Overfull \hbox (2.91043pt too wide) in paragraph at lines 488--489
 [][][] 
 []


Overfull \hbox (40.43575pt too wide) in paragraph at lines 492--492
 [][] 
 []


<./img/out/T8_23/MH/plot/skill_distribution.png, id=260, 1300.86pt x 650.43pt>
File: ./img/out/T8_23/MH/plot/skill_distribution.png Graphic file (type png)

<use ./img/out/T8_23/MH/plot/skill_distribution.png>
Package pdftex.def Info: ./img/out/T8_23/MH/plot/skill_distribution.png used on
 input line 493.
(pdftex.def)             Requested size: 426.79135pt x 213.39204pt.

Overfull \hbox (2.91043pt too wide) in paragraph at lines 499--500
 [][][] 
 []


Overfull \hbox (40.43575pt too wide) in paragraph at lines 503--503
 [][] 
 []


<./img/out/T8_23/Gibbs/plot/skill_distribution.png, id=261, 1300.86pt x 650.43p
t>
File: ./img/out/T8_23/Gibbs/plot/skill_distribution.png Graphic file (type png)

 <use ./img/out/T8_23/Gibbs/plot/skill_distribution.png>
Package pdftex.def Info: ./img/out/T8_23/Gibbs/plot/skill_distribution.png used
 on input line 504.
(pdftex.def)             Requested size: 426.79135pt x 213.39204pt.

Overfull \hbox (2.91043pt too wide) in paragraph at lines 510--511
 [][][] 
 []


Overfull \hbox (40.43575pt too wide) in paragraph at lines 514--514
 [][] 
 []


<./img/out/T8_23/EP/plot/skill_distribution.png, id=262, 1300.86pt x 650.43pt>
File: ./img/out/T8_23/EP/plot/skill_distribution.png Graphic file (type png)

<use ./img/out/T8_23/EP/plot/skill_distribution.png>
Package pdftex.def Info: ./img/out/T8_23/EP/plot/skill_distribution.png used on
 input line 515.
(pdftex.def)             Requested size: 426.79135pt x 213.39204pt.
 [17

 <./img/out/T8_23/MH/plot/joint_scatter_plot.png> <./img/out/T8_23/Gibbs/plot/j
oint_scatter_plot.png>] [18 <./img/out/T8_23/MH/plot/skill_distribution.png>] [
19 <./img/out/T8_23/Gibbs/plot/skill_distribution.png>] [20 <./img/out/T8_23/EP
/plot/skill_distribution.png>]
Overfull \hbox (6.18341pt too wide) in paragraph at lines 532--532
 [][] 
 []


<./img/out/T1_1_Wed/MH/plot/skill_distribution.png, id=289, 1300.86pt x 650.43p
t>
File: ./img/out/T1_1_Wed/MH/plot/skill_distribution.png Graphic file (type png)

 <use ./img/out/T1_1_Wed/MH/plot/skill_distribution.png>
Package pdftex.def Info: ./img/out/T1_1_Wed/MH/plot/skill_distribution.png used
 on input line 533.
(pdftex.def)             Requested size: 426.79135pt x 213.39204pt.


LaTeX Warning: Float too large for page by 21.0403pt on input line 534.


Overfull \hbox (6.18341pt too wide) in paragraph at lines 545--545
 [][] 
 []


<./img/out/T1_1_Wed/Gibbs/plot/skill_distribution.png, id=290, 1300.86pt x 650.
43pt>
File: ./img/out/T1_1_Wed/Gibbs/plot/skill_distribution.png Graphic file (type p
ng)
 <use ./img/out/T1_1_Wed/Gibbs/plot/skill_distribution.png>
Package pdftex.def Info: ./img/out/T1_1_Wed/Gibbs/plot/skill_distribution.png u
sed on input line 546.
(pdftex.def)             Requested size: 426.79135pt x 213.39204pt.


LaTeX Warning: Float too large for page by 21.0403pt on input line 547.


Overfull \hbox (6.18341pt too wide) in paragraph at lines 558--558
 [][] 
 []


<./img/out/T1_1_Wed/EP/plot/skill_distribution.png, id=291, 1300.86pt x 650.43p
t>
File: ./img/out/T1_1_Wed/EP/plot/skill_distribution.png Graphic file (type png)

 <use ./img/out/T1_1_Wed/EP/plot/skill_distribution.png>
Package pdftex.def Info: ./img/out/T1_1_Wed/EP/plot/skill_distribution.png used
 on input line 559.
(pdftex.def)             Requested size: 426.79135pt x 213.39204pt.


LaTeX Warning: Float too large for page by 21.0403pt on input line 560.

[21 <./img/out/T1_1_Wed/MH/plot/skill_distribution.png>] [22 <./img/out/T1_1_We
d/Gibbs/plot/skill_distribution.png>] [23 <./img/out/T1_1_Wed/EP/plot/skill_dis
tribution.png>]
Overfull \hbox (57.20798pt too wide) in paragraph at lines 569--570
 [][][] 
 []


Overfull \hbox (67.58452pt too wide) in paragraph at lines 573--573
 [][] 
 []

<./img/out/T1_5/MH/plot/skill_distribution.png, id=310, 1300.86pt x 650.43pt>
File: ./img/out/T1_5/MH/plot/skill_distribution.png Graphic file (type png)

<use ./img/out/T1_5/MH/plot/skill_distribution.png>
Package pdftex.def Info: ./img/out/T1_5/MH/plot/skill_distribution.png used on 
input line 574.
(pdftex.def)             Requested size: 426.79135pt x 213.39204pt.


LaTeX Warning: Float too large for page by 6.5403pt on input line 575.


Overfull \hbox (57.20798pt too wide) in paragraph at lines 580--581
 [][][] 
 []


Overfull \hbox (67.58452pt too wide) in paragraph at lines 584--584
 [][] 
 []


<./img/out/T1_5/Gibbs/plot/skill_distribution.png, id=311, 1300.86pt x 650.43pt
>
File: ./img/out/T1_5/Gibbs/plot/skill_distribution.png Graphic file (type png)
 <use ./img/out/T1_5/Gibbs/plot/skill_distribution.png>
Package pdftex.def Info: ./img/out/T1_5/Gibbs/plot/skill_distribution.png used 
on input line 585.
(pdftex.def)             Requested size: 426.79135pt x 213.39204pt.


LaTeX Warning: Float too large for page by 6.5403pt on input line 586.


Overfull \hbox (57.20798pt too wide) in paragraph at lines 591--592
 [][][] 
 []


Overfull \hbox (67.58452pt too wide) in paragraph at lines 595--595
 [][] 
 []

<./img/out/T1_5/EP/plot/skill_distribution.png, id=312, 1300.86pt x 650.43pt>
File: ./img/out/T1_5/EP/plot/skill_distribution.png Graphic file (type png)

<use ./img/out/T1_5/EP/plot/skill_distribution.png>
Package pdftex.def Info: ./img/out/T1_5/EP/plot/skill_distribution.png used on 
input line 596.
(pdftex.def)             Requested size: 426.79135pt x 213.39204pt.


LaTeX Warning: Float too large for page by 6.5403pt on input line 597.

[24 <./img/out/T1_5/MH/plot/skill_distribution.png>] [25 <./img/out/T1_5/Gibbs/
plot/skill_distribution.png>] [26 <./img/out/T1_5/EP/plot/skill_distribution.pn
g>]
Overfull \hbox (14.77118pt too wide) in paragraph at lines 607--608
 [][][] 
 []


Overfull \hbox (46.36612pt too wide) in paragraph at lines 611--611
 [][] 
 []


<./img/out/T2_7_Wed/MH/plot/skill_distribution.png, id=332, 1300.86pt x 650.43p
t>
File: ./img/out/T2_7_Wed/MH/plot/skill_distribution.png Graphic file (type png)

 <use ./img/out/T2_7_Wed/MH/plot/skill_distribution.png>
Package pdftex.def Info: ./img/out/T2_7_Wed/MH/plot/skill_distribution.png used
 on input line 612.
(pdftex.def)             Requested size: 426.79135pt x 213.39204pt.


LaTeX Warning: Float too large for page by 6.5403pt on input line 613.


Overfull \hbox (14.77118pt too wide) in paragraph at lines 619--620
 [][][] 
 []


Overfull \hbox (46.36612pt too wide) in paragraph at lines 623--623
 [][] 
 []


<./img/out/T2_7_Wed/Gibbs/plot/skill_distribution.png, id=333, 1300.86pt x 650.
43pt>
File: ./img/out/T2_7_Wed/Gibbs/plot/skill_distribution.png Graphic file (type p
ng)
 <use ./img/out/T2_7_Wed/Gibbs/plot/skill_distribution.png>
Package pdftex.def Info: ./img/out/T2_7_Wed/Gibbs/plot/skill_distribution.png u
sed on input line 624.
(pdftex.def)             Requested size: 426.79135pt x 213.39204pt.


LaTeX Warning: Float too large for page by 6.5403pt on input line 625.


Overfull \hbox (46.43561pt too wide) in paragraph at lines 629--630
 [][][] 
 []


Overfull \hbox (62.19833pt too wide) in paragraph at lines 633--633
 [][] 
 []

<./img/out/T2_7/EP/plot/skill_distribution.png, id=334, 1300.86pt x 650.43pt>
File: ./img/out/T2_7/EP/plot/skill_distribution.png Graphic file (type png)

<use ./img/out/T2_7/EP/plot/skill_distribution.png>
Package pdftex.def Info: ./img/out/T2_7/EP/plot/skill_distribution.png used on 
input line 634.
(pdftex.def)             Requested size: 426.79135pt x 213.39204pt.


LaTeX Warning: Float too large for page by 6.5403pt on input line 637.

[27 <./img/out/T2_7_Wed/MH/plot/skill_distribution.png>] [28 <./img/out/T2_7_We
d/Gibbs/plot/skill_distribution.png>] [29 <./img/out/T2_7/EP/plot/skill_distrib
ution.png>]
Overfull \hbox (34.56204pt too wide) in paragraph at lines 650--650
 [][] 
 []

<./img/out/T3_9/MH/plot/skill_distribution.png, id=354, 1300.86pt x 650.43pt>
File: ./img/out/T3_9/MH/plot/skill_distribution.png Graphic file (type png)

<use ./img/out/T3_9/MH/plot/skill_distribution.png>
Package pdftex.def Info: ./img/out/T3_9/MH/plot/skill_distribution.png used on 
input line 651.
(pdftex.def)             Requested size: 426.79135pt x 213.39204pt.


LaTeX Warning: Float too large for page by 48.11389pt on input line 652.


Overfull \hbox (34.56204pt too wide) in paragraph at lines 660--660
 [][] 
 []


<./img/out/T3_9/Gibbs/plot/skill_distribution.png, id=355, 1300.86pt x 650.43pt
>
File: ./img/out/T3_9/Gibbs/plot/skill_distribution.png Graphic file (type png)
 <use ./img/out/T3_9/Gibbs/plot/skill_distribution.png>
Package pdftex.def Info: ./img/out/T3_9/Gibbs/plot/skill_distribution.png used 
on input line 661.
(pdftex.def)             Requested size: 426.79135pt x 213.39204pt.


LaTeX Warning: Float too large for page by 48.11389pt on input line 662.

[30 <./img/out/T3_9/MH/plot/skill_distribution.png>] [31 <./img/out/T3_9/Gibbs/
plot/skill_distribution.png>]
Overfull \hbox (53.15753pt too wide) in paragraph at lines 676--676
 [][] 
 []


<./img/out/T4_11/MH/plot/skill_distribution.png, id=369, 1300.86pt x 650.43pt>
File: ./img/out/T4_11/MH/plot/skill_distribution.png Graphic file (type png)

<use ./img/out/T4_11/MH/plot/skill_distribution.png>
Package pdftex.def Info: ./img/out/T4_11/MH/plot/skill_distribution.png used on
 input line 677.
(pdftex.def)             Requested size: 426.79135pt x 213.39204pt.

Overfull \hbox (53.15753pt too wide) in paragraph at lines 688--688
 [][] 
 []


<./img/out/T4_11/Gibbs/plot/skill_distribution.png, id=370, 1300.86pt x 650.43p
t>
File: ./img/out/T4_11/Gibbs/plot/skill_distribution.png Graphic file (type png)

 <use ./img/out/T4_11/Gibbs/plot/skill_distribution.png>
Package pdftex.def Info: ./img/out/T4_11/Gibbs/plot/skill_distribution.png used
 on input line 689.
(pdftex.def)             Requested size: 426.79135pt x 213.39204pt.
 [32 <./img/out/T4_11/MH/plot/skill_distribution.png>] [33 <./img/out/T4_11/Gib
bs/plot/skill_distribution.png>]
<./img/out/T5_13/MH/plot/skill_distribution.png, id=383, 1300.86pt x 650.43pt>
File: ./img/out/T5_13/MH/plot/skill_distribution.png Graphic file (type png)

<use ./img/out/T5_13/MH/plot/skill_distribution.png>
Package pdftex.def Info: ./img/out/T5_13/MH/plot/skill_distribution.png used on
 input line 704.
(pdftex.def)             Requested size: 426.79135pt x 213.39204pt.


LaTeX Warning: Float too large for page by 33.1877pt on input line 705.


<./img/out/T5_13/Gibbs/plot/skill_distribution.png, id=384, 1300.86pt x 650.43p
t>
File: ./img/out/T5_13/Gibbs/plot/skill_distribution.png Graphic file (type png)

 <use ./img/out/T5_13/Gibbs/plot/skill_distribution.png>
Package pdftex.def Info: ./img/out/T5_13/Gibbs/plot/skill_distribution.png used
 on input line 715.
(pdftex.def)             Requested size: 426.79135pt x 213.39204pt.


LaTeX Warning: Float too large for page by 33.1877pt on input line 716.


<./img/out/T5_13/EP/plot/skill_distribution.png, id=385, 1300.86pt x 650.43pt>
File: ./img/out/T5_13/EP/plot/skill_distribution.png Graphic file (type png)

<use ./img/out/T5_13/EP/plot/skill_distribution.png>
Package pdftex.def Info: ./img/out/T5_13/EP/plot/skill_distribution.png used on
 input line 726.
(pdftex.def)             Requested size: 426.79135pt x 213.39204pt.


LaTeX Warning: Float too large for page by 33.1877pt on input line 727.

[34 <./img/out/T5_13/MH/plot/skill_distribution.png>] [35 <./img/out/T5_13/Gibb
s/plot/skill_distribution.png>] [36 <./img/out/T5_13/EP/plot/skill_distribution
.png>] <./img/out/T5_15/MH/plot/actual.png, id=404, 710.655pt x 655.44875pt>
File: ./img/out/T5_15/MH/plot/actual.png Graphic file (type png)

<use ./img/out/T5_15/MH/plot/actual.png>
Package pdftex.def Info: ./img/out/T5_15/MH/plot/actual.png used on input line 
740.
(pdftex.def)             Requested size: 170.71393pt x 157.45093pt.

<./img/out/T5_15/MH/plot/skill_distribution.png, id=405, 1300.86pt x 650.43pt>
File: ./img/out/T5_15/MH/plot/skill_distribution.png Graphic file (type png)

<use ./img/out/T5_15/MH/plot/skill_distribution.png>
Package pdftex.def Info: ./img/out/T5_15/MH/plot/skill_distribution.png used on
 input line 741.
(pdftex.def)             Requested size: 426.79135pt x 213.39204pt.

<./img/out/T5_15/Gibbs/plot/actual.png, id=406, 710.655pt x 655.44875pt>
File: ./img/out/T5_15/Gibbs/plot/actual.png Graphic file (type png)

<use ./img/out/T5_15/Gibbs/plot/actual.png>
Package pdftex.def Info: ./img/out/T5_15/Gibbs/plot/actual.png used on input li
ne 750.
(pdftex.def)             Requested size: 170.71393pt x 157.45093pt.

<./img/out/T5_15/Gibbs/plot/skill_distribution.png, id=407, 1300.86pt x 650.43p
t>
File: ./img/out/T5_15/Gibbs/plot/skill_distribution.png Graphic file (type png)

 <use ./img/out/T5_15/Gibbs/plot/skill_distribution.png>
Package pdftex.def Info: ./img/out/T5_15/Gibbs/plot/skill_distribution.png used
 on input line 751.
(pdftex.def)             Requested size: 426.79135pt x 213.39204pt.

<./img/out/T5_15/EP/plot/actual.png, id=408, 710.655pt x 655.44875pt>
File: ./img/out/T5_15/EP/plot/actual.png Graphic file (type png)

<use ./img/out/T5_15/EP/plot/actual.png>
Package pdftex.def Info: ./img/out/T5_15/EP/plot/actual.png used on input line 
760.
(pdftex.def)             Requested size: 170.71393pt x 157.45093pt.

<./img/out/T5_15/EP/plot/skill_distribution.png, id=409, 1300.86pt x 650.43pt>
File: ./img/out/T5_15/EP/plot/skill_distribution.png Graphic file (type png)

<use ./img/out/T5_15/EP/plot/skill_distribution.png>
Package pdftex.def Info: ./img/out/T5_15/EP/plot/skill_distribution.png used on
 input line 761.
(pdftex.def)             Requested size: 426.79135pt x 213.39204pt.
 [37 <./img/out/T5_15/MH/plot/actual.png> <./img/out/T5_15/MH/plot/skill_distri
bution.png>] [38 <./img/out/T5_15/Gibbs/plot/actual.png> <./img/out/T5_15/Gibbs
/plot/skill_distribution.png>] [39 <./img/out/T5_15/EP/plot/actual.png> <./img/
out/T5_15/EP/plot/skill_distribution.png>]
<./img/out/T6_16/MH/plot/skill_distribution.png, id=432, 1300.86pt x 650.43pt>
File: ./img/out/T6_16/MH/plot/skill_distribution.png Graphic file (type png)

<use ./img/out/T6_16/MH/plot/skill_distribution.png>
Package pdftex.def Info: ./img/out/T6_16/MH/plot/skill_distribution.png used on
 input line 778.
(pdftex.def)             Requested size: 426.79135pt x 213.39204pt.

Overfull \hbox (37.31114pt too wide) in paragraph at lines 777--779
 [][] 
 []


LaTeX Warning: Float too large for page by 33.1877pt on input line 779.


<./img/out/T6_16/Gibbs/plot/skill_distribution.png, id=433, 1300.86pt x 650.43p
t>
File: ./img/out/T6_16/Gibbs/plot/skill_distribution.png Graphic file (type png)

 <use ./img/out/T6_16/Gibbs/plot/skill_distribution.png>
Package pdftex.def Info: ./img/out/T6_16/Gibbs/plot/skill_distribution.png used
 on input line 790.
(pdftex.def)             Requested size: 426.79135pt x 213.39204pt.

Overfull \hbox (37.31114pt too wide) in paragraph at lines 789--791
 [][] 
 []


LaTeX Warning: Float too large for page by 33.1877pt on input line 791.


<./img/out/T6_16/EP/plot/skill_distribution.png, id=434, 1300.86pt x 650.43pt>
File: ./img/out/T6_16/EP/plot/skill_distribution.png Graphic file (type png)

<use ./img/out/T6_16/EP/plot/skill_distribution.png>
Package pdftex.def Info: ./img/out/T6_16/EP/plot/skill_distribution.png used on
 input line 802.
(pdftex.def)             Requested size: 426.79135pt x 213.39204pt.

Overfull \hbox (37.31114pt too wide) in paragraph at lines 801--803
 [][] 
 []


LaTeX Warning: Float too large for page by 33.1877pt on input line 803.

[40 <./img/out/T6_16/MH/plot/skill_distribution.png>] [41 <./img/out/T6_16/Gibb
s/plot/skill_distribution.png>] [42 <./img/out/T6_16/EP/plot/skill_distribution
.png>]
<./img/out/T6_17/MH/plot/skill_distribution.png, id=453, 1300.86pt x 650.43pt>
File: ./img/out/T6_17/MH/plot/skill_distribution.png Graphic file (type png)

<use ./img/out/T6_17/MH/plot/skill_distribution.png>
Package pdftex.def Info: ./img/out/T6_17/MH/plot/skill_distribution.png used on
 input line 819.
(pdftex.def)             Requested size: 426.79135pt x 213.39204pt.

Overfull \hbox (43.44579pt too wide) in paragraph at lines 818--820
 [][] 
 []


LaTeX Warning: Float too large for page by 33.1877pt on input line 820.


<./img/out/T6_17/Gibbs/plot/skill_distribution.png, id=454, 1300.86pt x 650.43p
t>
File: ./img/out/T6_17/Gibbs/plot/skill_distribution.png Graphic file (type png)

 <use ./img/out/T6_17/Gibbs/plot/skill_distribution.png>
Package pdftex.def Info: ./img/out/T6_17/Gibbs/plot/skill_distribution.png used
 on input line 831.
(pdftex.def)             Requested size: 426.79135pt x 213.39204pt.

Overfull \hbox (43.44579pt too wide) in paragraph at lines 830--832
 [][] 
 []


LaTeX Warning: Float too large for page by 33.1877pt on input line 832.


<./img/out/T6_17/EP/plot/skill_distribution.png, id=455, 1300.86pt x 650.43pt>
File: ./img/out/T6_17/EP/plot/skill_distribution.png Graphic file (type png)

<use ./img/out/T6_17/EP/plot/skill_distribution.png>
Package pdftex.def Info: ./img/out/T6_17/EP/plot/skill_distribution.png used on
 input line 843.
(pdftex.def)             Requested size: 426.79135pt x 213.39204pt.

Overfull \hbox (43.44579pt too wide) in paragraph at lines 842--844
 [][] 
 []


LaTeX Warning: Float too large for page by 33.1877pt on input line 844.

[43 <./img/out/T6_17/MH/plot/skill_distribution.png>] [44 <./img/out/T6_17/Gibb
s/plot/skill_distribution.png>] [45 <./img/out/T6_17/EP/plot/skill_distribution
.png>]
<./img/out/T6_18/MH/plot/skill_distribution.png, id=475, 1300.86pt x 650.43pt>
File: ./img/out/T6_18/MH/plot/skill_distribution.png Graphic file (type png)

<use ./img/out/T6_18/MH/plot/skill_distribution.png>
Package pdftex.def Info: ./img/out/T6_18/MH/plot/skill_distribution.png used on
 input line 860.
(pdftex.def)             Requested size: 426.79135pt x 213.39204pt.

Overfull \hbox (70.32384pt too wide) in paragraph at lines 859--861
 [][] 
 []


LaTeX Warning: Float too large for page by 19.5877pt on input line 861.


<./img/out/T6_18/Gibbs/plot/skill_distribution.png, id=476, 1300.86pt x 650.43p
t>
File: ./img/out/T6_18/Gibbs/plot/skill_distribution.png Graphic file (type png)

 <use ./img/out/T6_18/Gibbs/plot/skill_distribution.png>
Package pdftex.def Info: ./img/out/T6_18/Gibbs/plot/skill_distribution.png used
 on input line 872.
(pdftex.def)             Requested size: 426.79135pt x 213.39204pt.

Overfull \hbox (70.32384pt too wide) in paragraph at lines 871--873
 [][] 
 []


LaTeX Warning: Float too large for page by 19.5877pt on input line 873.


<./img/out/T6_18/EP/plot/skill_distribution.png, id=477, 1300.86pt x 650.43pt>
File: ./img/out/T6_18/EP/plot/skill_distribution.png Graphic file (type png)

<use ./img/out/T6_18/EP/plot/skill_distribution.png>
Package pdftex.def Info: ./img/out/T6_18/EP/plot/skill_distribution.png used on
 input line 884.
(pdftex.def)             Requested size: 426.79135pt x 213.39204pt.

Overfull \hbox (70.32384pt too wide) in paragraph at lines 883--885
 [][] 
 []


LaTeX Warning: Float too large for page by 19.5877pt on input line 885.

[46 <./img/out/T6_18/MH/plot/skill_distribution.png>] [47 <./img/out/T6_18/Gibb
s/plot/skill_distribution.png>] [48 <./img/out/T6_18/EP/plot/skill_distribution
.png>]
<./img/out/T6_19/MH/plot/skill_distribution.png, id=496, 1300.86pt x 650.43pt>
File: ./img/out/T6_19/MH/plot/skill_distribution.png Graphic file (type png)

<use ./img/out/T6_19/MH/plot/skill_distribution.png>
Package pdftex.def Info: ./img/out/T6_19/MH/plot/skill_distribution.png used on
 input line 901.
(pdftex.def)             Requested size: 426.79135pt x 213.39204pt.

Overfull \hbox (19.24538pt too wide) in paragraph at lines 900--902
 [][] 
 []


LaTeX Warning: Float too large for page by 33.1877pt on input line 902.


<./img/out/T6_19/Gibbs/plot/skill_distribution.png, id=497, 1300.86pt x 650.43p
t>
File: ./img/out/T6_19/Gibbs/plot/skill_distribution.png Graphic file (type png)

 <use ./img/out/T6_19/Gibbs/plot/skill_distribution.png>
Package pdftex.def Info: ./img/out/T6_19/Gibbs/plot/skill_distribution.png used
 on input line 913.
(pdftex.def)             Requested size: 426.79135pt x 213.39204pt.

Overfull \hbox (19.24538pt too wide) in paragraph at lines 912--914
 [][] 
 []


LaTeX Warning: Float too large for page by 33.1877pt on input line 914.


<./img/out/T6_19/EP/plot/skill_distribution.png, id=498, 1300.86pt x 650.43pt>
File: ./img/out/T6_19/EP/plot/skill_distribution.png Graphic file (type png)

<use ./img/out/T6_19/EP/plot/skill_distribution.png>
Package pdftex.def Info: ./img/out/T6_19/EP/plot/skill_distribution.png used on
 input line 925.
(pdftex.def)             Requested size: 426.79135pt x 213.39204pt.

Overfull \hbox (19.24538pt too wide) in paragraph at lines 924--926
 [][] 
 []


LaTeX Warning: Float too large for page by 33.1877pt on input line 926.

[49 <./img/out/T6_19/MH/plot/skill_distribution.png>] [50 <./img/out/T6_19/Gibb
s/plot/skill_distribution.png>] [51 <./img/out/T6_19/EP/plot/skill_distribution
.png>] <./img/out/T6_20/MH/plot/actual.png, id=518, 646.415pt x 580.1675pt>
File: ./img/out/T6_20/MH/plot/actual.png Graphic file (type png)

<use ./img/out/T6_20/MH/plot/actual.png>
Package pdftex.def Info: ./img/out/T6_20/MH/plot/actual.png used on input line 
938.
(pdftex.def)             Requested size: 170.71393pt x 153.2125pt.

<./img/out/T6_20/MH/plot/skill_distribution.png, id=519, 1300.86pt x 650.43pt>
File: ./img/out/T6_20/MH/plot/skill_distribution.png Graphic file (type png)

<use ./img/out/T6_20/MH/plot/skill_distribution.png>
Package pdftex.def Info: ./img/out/T6_20/MH/plot/skill_distribution.png used on
 input line 939.
(pdftex.def)             Requested size: 426.79135pt x 213.39204pt.

<./img/out/T6_20/Gibbs/plot/actual.png, id=520, 646.415pt x 580.1675pt>
File: ./img/out/T6_20/Gibbs/plot/actual.png Graphic file (type png)

<use ./img/out/T6_20/Gibbs/plot/actual.png>
Package pdftex.def Info: ./img/out/T6_20/Gibbs/plot/actual.png used on input li
ne 948.
(pdftex.def)             Requested size: 170.71393pt x 153.2125pt.

<./img/out/T6_20/Gibbs/plot/skill_distribution.png, id=521, 1300.86pt x 650.43p
t>
File: ./img/out/T6_20/Gibbs/plot/skill_distribution.png Graphic file (type png)

 <use ./img/out/T6_20/Gibbs/plot/skill_distribution.png>
Package pdftex.def Info: ./img/out/T6_20/Gibbs/plot/skill_distribution.png used
 on input line 949.
(pdftex.def)             Requested size: 426.79135pt x 213.39204pt.

<./img/out/T6_20/EP/plot/actual.png, id=522, 646.415pt x 580.1675pt>
File: ./img/out/T6_20/EP/plot/actual.png Graphic file (type png)

<use ./img/out/T6_20/EP/plot/actual.png>
Package pdftex.def Info: ./img/out/T6_20/EP/plot/actual.png used on input line 
958.
(pdftex.def)             Requested size: 170.71393pt x 153.2125pt.

<./img/out/T6_20/EP/plot/skill_distribution.png, id=523, 1300.86pt x 650.43pt>
File: ./img/out/T6_20/EP/plot/skill_distribution.png Graphic file (type png)

<use ./img/out/T6_20/EP/plot/skill_distribution.png>
Package pdftex.def Info: ./img/out/T6_20/EP/plot/skill_distribution.png used on
 input line 959.
(pdftex.def)             Requested size: 426.79135pt x 213.39204pt.
 [52 <./img/out/T6_20/MH/plot/actual.png> <./img/out/T6_20/MH/plot/skill_distri
bution.png>] [53 <./img/out/T6_20/Gibbs/plot/actual.png> <./img/out/T6_20/Gibbs
/plot/skill_distribution.png>] [54 <./img/out/T6_20/EP/plot/actual.png> <./img/
out/T6_20/EP/plot/skill_distribution.png>]
<./img/out/T7_21/MH/plot/skill_distribution.png, id=546, 1300.86pt x 650.43pt>
File: ./img/out/T7_21/MH/plot/skill_distribution.png Graphic file (type png)

<use ./img/out/T7_21/MH/plot/skill_distribution.png>
Package pdftex.def Info: ./img/out/T7_21/MH/plot/skill_distribution.png used on
 input line 976.
(pdftex.def)             Requested size: 426.79135pt x 213.39204pt.

Overfull \hbox (10.91354pt too wide) in paragraph at lines 975--977
 [][] 
 []


LaTeX Warning: Float too large for page by 33.1877pt on input line 977.


<./img/out/T7_21/Gibbs/plot/skill_distribution.png, id=547, 1300.86pt x 650.43p
t>
File: ./img/out/T7_21/Gibbs/plot/skill_distribution.png Graphic file (type png)

 <use ./img/out/T7_21/Gibbs/plot/skill_distribution.png>
Package pdftex.def Info: ./img/out/T7_21/Gibbs/plot/skill_distribution.png used
 on input line 988.
(pdftex.def)             Requested size: 426.79135pt x 213.39204pt.


LaTeX Warning: Float too large for page by 33.1877pt on input line 989.


<./img/out/T7_21/EP/plot/skill_distribution.png, id=548, 1300.86pt x 650.43pt>
File: ./img/out/T7_21/EP/plot/skill_distribution.png Graphic file (type png)

<use ./img/out/T7_21/EP/plot/skill_distribution.png>
Package pdftex.def Info: ./img/out/T7_21/EP/plot/skill_distribution.png used on
 input line 1000.
(pdftex.def)             Requested size: 426.79135pt x 213.39204pt.

Overfull \hbox (10.91354pt too wide) in paragraph at lines 999--1001
 [][] 
 []


LaTeX Warning: Float too large for page by 33.1877pt on input line 1001.

[55 <./img/out/T7_21/MH/plot/skill_distribution.png>] [56 <./img/out/T7_21/Gibb
s/plot/skill_distribution.png>] [57 <./img/out/T7_21/EP/plot/skill_distribution
.png>] <./img/out/T7_22/MH/plot/actual1.png, id=568, 251.94125pt x 355.3275pt>
File: ./img/out/T7_22/MH/plot/actual1.png Graphic file (type png)

<use ./img/out/T7_22/MH/plot/actual1.png>
Package pdftex.def Info: ./img/out/T7_22/MH/plot/actual1.png used on input line
 1013.
(pdftex.def)             Requested size: 93.8946pt x 132.42336pt.

<./img/out/T7_22/MH/plot/actual2.png, id=569, 251.94125pt x 356.33125pt>
File: ./img/out/T7_22/MH/plot/actual2.png Graphic file (type png)

<use ./img/out/T7_22/MH/plot/actual2.png>
Package pdftex.def Info: ./img/out/T7_22/MH/plot/actual2.png used on input line
 1014.
(pdftex.def)             Requested size: 93.8946pt x 132.79742pt.

<./img/out/T7_22/MH/plot/skill_distribution.png, id=570, 1300.86pt x 650.43pt>
File: ./img/out/T7_22/MH/plot/skill_distribution.png Graphic file (type png)

<use ./img/out/T7_22/MH/plot/skill_distribution.png>
Package pdftex.def Info: ./img/out/T7_22/MH/plot/skill_distribution.png used on
 input line 1015.
(pdftex.def)             Requested size: 426.79135pt x 213.39204pt.

<./img/out/T7_22/Gibbs/plot/actual1.png, id=571, 251.94125pt x 355.3275pt>
File: ./img/out/T7_22/Gibbs/plot/actual1.png Graphic file (type png)

<use ./img/out/T7_22/Gibbs/plot/actual1.png>
Package pdftex.def Info: ./img/out/T7_22/Gibbs/plot/actual1.png used on input l
ine 1024.
(pdftex.def)             Requested size: 93.8946pt x 132.42336pt.

<./img/out/T7_22/Gibbs/plot/actual2.png, id=572, 251.94125pt x 356.33125pt>
File: ./img/out/T7_22/Gibbs/plot/actual2.png Graphic file (type png)

<use ./img/out/T7_22/Gibbs/plot/actual2.png>
Package pdftex.def Info: ./img/out/T7_22/Gibbs/plot/actual2.png used on input l
ine 1025.
(pdftex.def)             Requested size: 93.8946pt x 132.79742pt.

<./img/out/T7_22/Gibbs/plot/skill_distribution.png, id=573, 1300.86pt x 650.43p
t>
File: ./img/out/T7_22/Gibbs/plot/skill_distribution.png Graphic file (type png)

 <use ./img/out/T7_22/Gibbs/plot/skill_distribution.png>
Package pdftex.def Info: ./img/out/T7_22/Gibbs/plot/skill_distribution.png used
 on input line 1026.
(pdftex.def)             Requested size: 426.79135pt x 213.39204pt.

<./img/out/T7_22/EP/plot/actual1.png, id=574, 251.94125pt x 355.3275pt>
File: ./img/out/T7_22/EP/plot/actual1.png Graphic file (type png)

<use ./img/out/T7_22/EP/plot/actual1.png>
Package pdftex.def Info: ./img/out/T7_22/EP/plot/actual1.png used on input line
 1035.
(pdftex.def)             Requested size: 93.8946pt x 132.42336pt.

<./img/out/T7_22/EP/plot/actual2.png, id=575, 251.94125pt x 356.33125pt>
File: ./img/out/T7_22/EP/plot/actual2.png Graphic file (type png)

<use ./img/out/T7_22/EP/plot/actual2.png>
Package pdftex.def Info: ./img/out/T7_22/EP/plot/actual2.png used on input line
 1036.
(pdftex.def)             Requested size: 93.8946pt x 132.79742pt.

<./img/out/T7_22/EP/plot/skill_distribution.png, id=576, 1300.86pt x 650.43pt>
File: ./img/out/T7_22/EP/plot/skill_distribution.png Graphic file (type png)

<use ./img/out/T7_22/EP/plot/skill_distribution.png>
Package pdftex.def Info: ./img/out/T7_22/EP/plot/skill_distribution.png used on
 input line 1037.
(pdftex.def)             Requested size: 426.79135pt x 213.39204pt.
 [58 <./img/out/T7_22/MH/plot/actual1.png> <./img/out/T7_22/MH/plot/actual2.png
> <./img/out/T7_22/MH/plot/skill_distribution.png>] [59 <./img/out/T7_22/Gibbs/
plot/actual1.png> <./img/out/T7_22/Gibbs/plot/actual2.png> <./img/out/T7_22/Gib
bs/plot/skill_distribution.png>] [60 <./img/out/T7_22/EP/plot/actual1.png> <./i
mg/out/T7_22/EP/plot/actual2.png> <./img/out/T7_22/EP/plot/skill_distribution.p
ng>] (./report.bbl)
[61















]
Package atveryend Info: Empty hook `BeforeClearDocument' on input line 1059.
 [62]
Package atveryend Info: Empty hook `AfterLastShipout' on input line 1059.
 (./report.aux)
Package atveryend Info: Executing hook `AtVeryEndDocument' on input line 1059.
Package atveryend Info: Executing hook `AtEndAfterFileList' on input line 1059.

Package rerunfilecheck Info: File `report.out' has not changed.
(rerunfilecheck)             Checksum: 6613DBB3F4E4EB84F43820A7454849A6;798.


LaTeX Warning: There were undefined references.


LaTeX Warning: There were multiply-defined labels.

Package atveryend Info: Empty hook `AtVeryVeryEnd' on input line 1059.
 )
(\end occurred inside a group at level 1)

### simple group (level 1) entered at line 1061 ({)
### bottom level 
Here is how much of TeX's memory you used:
 12651 strings out of 494501
 207709 string characters out of 6167030
 431275 words of memory out of 5000000
 15444 multiletter control sequences out of 15000+600000
 18905 words of font info for 50 fonts, out of 8000000 for 9000
 319 hyphenation exceptions out of 8191
 40i,14n,46p,888b,3112s stack positions out of 5000i,500n,10000p,200000b,80000s
{/usr/local/texlive/2015basic/texmf-dist/fonts/enc/dvips/cm-sup
er/cm-super-t1.enc}</usr/local/texlive/2015basic/texmf-dist/fonts/type1/public/
amsfonts/cm/cmex10.pfb></usr/local/texlive/2015basic/texmf-dist/fonts/type1/pub
lic/amsfonts/cm/cmmi10.pfb></usr/local/texlive/2015basic/texmf-dist/fonts/type1
/public/amsfonts/cm/cmmi12.pfb></usr/local/texlive/2015basic/texmf-dist/fonts/t
ype1/public/amsfonts/cm/cmmi6.pfb></usr/local/texlive/2015basic/texmf-dist/font
s/type1/public/amsfonts/cm/cmmi8.pfb></usr/local/texlive/2015basic/texmf-dist/f
onts/type1/public/amsfonts/cm/cmr10.pfb></usr/local/texlive/2015basic/texmf-dis
t/fonts/type1/public/amsfonts/cm/cmr12.pfb></usr/local/texlive/2015basic/texmf-
dist/fonts/type1/public/amsfonts/cm/cmr6.pfb></usr/local/texlive/2015basic/texm
f-dist/fonts/type1/public/amsfonts/cm/cmr8.pfb></usr/local/texlive/2015basic/te
xmf-dist/fonts/type1/public/amsfonts/cm/cmsy10.pfb></usr/local/texlive/2015basi
c/texmf-dist/fonts/type1/public/amsfonts/cm/cmsy6.pfb></usr/local/texlive/2015b
asic/texmf-dist/fonts/type1/public/amsfonts/cm/cmsy8.pfb></usr/local/texlive/20
15basic/texmf-dist/fonts/type1/public/amsfonts/symbols/msbm10.pfb></usr/local/t
exlive/2015basic/texmf-dist/fonts/type1/public/cm-super/sfbx1200.pfb></usr/loca
l/texlive/2015basic/texmf-dist/fonts/type1/public/cm-super/sfbx1440.pfb></usr/l
ocal/texlive/2015basic/texmf-dist/fonts/type1/public/cm-super/sfbx1728.pfb></us
r/local/texlive/2015basic/texmf-dist/fonts/type1/public/cm-super/sfrm0800.pfb><
/usr/local/texlive/2015basic/texmf-dist/fonts/type1/public/cm-super/sfrm1095.pf
b></usr/local/texlive/2015basic/texmf-dist/fonts/type1/public/cm-super/sfrm1200
.pfb></usr/local/texlive/2015basic/texmf-dist/fonts/type1/public/cm-super/sfrm1
440.pfb></usr/local/texlive/2015basic/texmf-dist/fonts/type1/public/cm-super/sf
rm2074.pfb></usr/local/texlive/2015basic/texmf-dist/fonts/type1/public/cm-super
/sfti1095.pfb></usr/local/texlive/2015basic/texmf-dist/fonts/type1/public/cm-su
per/sfti1200.pfb>
Output written on report.pdf (62 pages, 9003769 bytes).
PDF statistics:
 722 PDF objects out of 1000 (max. 8388607)
 484 compressed objects within 5 object streams
 156 named destinations out of 1000 (max. 500000)
 478 words of extra memory for PDF output out of 10000 (max. 10000000)

